<?xml version="1.0" encoding="UTF-8"?>
<testng-results skipped="0" failed="1" total="1" passed="0">
  <reporter-output>
  </reporter-output>
  <suite name="Default suite" duration-ms="189053" started-at="2018-10-22T17:01:19Z" finished-at="2018-10-22T17:04:28Z">
    <groups>
    </groups>
    <test name="Default test" duration-ms="189053" started-at="2018-10-22T17:01:19Z" finished-at="2018-10-22T17:04:28Z">
      <class name="apptest.WP_ZeDelivery">
        <test-method status="PASS" signature="setUp(java.lang.String)[pri:0, instance:apptest.WP_ZeDelivery@185d8b6]" name="setUp" is-config="true" duration-ms="24908" started-at="2018-10-22T15:01:19Z" finished-at="2018-10-22T15:01:43Z">
          <params>
            <param index="0">
              <value>
                <![CDATA[@os='android']]>
              </value>
            </param>
          </params>
          <reporter-output>
          </reporter-output>
        </test-method> <!-- setUp -->
        <test-method status="FAIL" signature="testedozedelivery()[pri:0, instance:apptest.WP_ZeDelivery@185d8b6]" name="testedozedelivery" duration-ms="154835" started-at="2018-10-22T15:01:43Z" finished-at="2018-10-22T15:04:18Z">
          <exception class="org.openqa.selenium.NoSuchElementException">
            <message>
              <![CDATA[no such element (An element could not be located on the page using the given search parameters (XPATH='//*[@id='addQuantityView']'))  (WARNING: The server did not provide any stacktrace information)
Command duration or timeout: 2.59 seconds
For documentation on this error, please visit: http://seleniumhq.org/exceptions/no_such_element.html
Build info: version: '2.53.1', revision: 'a36b8b1cd5757287168e54b817830adce9b0158d', time: '2016-06-30 19:26:09'
System info: host: 'USPL5VDR0L2', ip: '10.12.73.57', os.name: 'Windows 7', os.arch: 'amd64', os.version: '6.1', java.version: '1.8.0_162'
Driver info: io.appium.java_client.android.AndroidDriver
Capabilities [{device.majorVersion=7, dontGoHomeOnQuit=false, device.os=Android, noReset=false, dontStopAppOnReset=false, reservationDuration=240, reportFormat=xml, fullReset=false, platform=ANY, deviceUDID=ce061716ba5f3cdd0d7e, desired={deviceQuery=@serialnumber='ce061716ba5f3cdd0d7e'or@serialnumber='0183d9629805', reportDirectory=reports, reportFormat=xml, platformName=Android, testName=wp_TED_ZeDelivery}, device.serialNumber=ce061716ba5f3cdd0d7e, locationServicesAuthorized=false, device.version=7.1.1, deviceQuery=@serialnumber='ce061716ba5f3cdd0d7e'or@serialnumber='0183d9629805', reportDirectory=reports, autoWebview=false, platformName=Android, udid=ce061716ba5f3cdd0d7e, testName=wp_TED_ZeDelivery, device.screenSize=1080x2220, useKeystore=false, test.type=Mobile, cloudViewLink=http://null/agent-1875205/#/5qDWOHSRakiv3W9u?1
Picked up Grid Node (seetest_7871)
Reserved Device : Samsung Galaxy S8 Note A0195, device.manufacture=samsung, instrumentApp=false, appiumVersion=1.8.0, device.category=PHONE, autoDismissAlerts=false, reportUrl=https://reporter.seetest.io/#/test/4799/project/jefferson_s_pecanha@whirlpool.com/, newSessionWaitTimeout=300, keystorePath=~/.android/debug.keystore, waitForDeviceTimeout=120000, device.model=SM-N950F, device.name=Samsung Galaxy S8 Note A0195, autoGrantPermissions=false, projectName=, gridNodePort=7871, autoAcceptAlerts=false}]
Session ID: CLOUD-SID:2018-10-22_20-01-24-024b55b6-081b-4423-b53b-d319a9122f43
*** Element info: {Using=xpath, value=//*[@id='addQuantityView']}]]>
            </message>
            <full-stacktrace>
              <![CDATA[org.openqa.selenium.NoSuchElementException: no such element (An element could not be located on the page using the given search parameters (XPATH='//*[@id='addQuantityView']'))  (WARNING: The server did not provide any stacktrace information)
Command duration or timeout: 2.59 seconds
For documentation on this error, please visit: http://seleniumhq.org/exceptions/no_such_element.html
Build info: version: '2.53.1', revision: 'a36b8b1cd5757287168e54b817830adce9b0158d', time: '2016-06-30 19:26:09'
System info: host: 'USPL5VDR0L2', ip: '10.12.73.57', os.name: 'Windows 7', os.arch: 'amd64', os.version: '6.1', java.version: '1.8.0_162'
Driver info: io.appium.java_client.android.AndroidDriver
Capabilities [{device.majorVersion=7, dontGoHomeOnQuit=false, device.os=Android, noReset=false, dontStopAppOnReset=false, reservationDuration=240, reportFormat=xml, fullReset=false, platform=ANY, deviceUDID=ce061716ba5f3cdd0d7e, desired={deviceQuery=@serialnumber='ce061716ba5f3cdd0d7e'or@serialnumber='0183d9629805', reportDirectory=reports, reportFormat=xml, platformName=Android, testName=wp_TED_ZeDelivery}, device.serialNumber=ce061716ba5f3cdd0d7e, locationServicesAuthorized=false, device.version=7.1.1, deviceQuery=@serialnumber='ce061716ba5f3cdd0d7e'or@serialnumber='0183d9629805', reportDirectory=reports, autoWebview=false, platformName=Android, udid=ce061716ba5f3cdd0d7e, testName=wp_TED_ZeDelivery, device.screenSize=1080x2220, useKeystore=false, test.type=Mobile, cloudViewLink=http://null/agent-1875205/#/5qDWOHSRakiv3W9u?1
Picked up Grid Node (seetest_7871)
Reserved Device : Samsung Galaxy S8 Note A0195, device.manufacture=samsung, instrumentApp=false, appiumVersion=1.8.0, device.category=PHONE, autoDismissAlerts=false, reportUrl=https://reporter.seetest.io/#/test/4799/project/jefferson_s_pecanha@whirlpool.com/, newSessionWaitTimeout=300, keystorePath=~/.android/debug.keystore, waitForDeviceTimeout=120000, device.model=SM-N950F, device.name=Samsung Galaxy S8 Note A0195, autoGrantPermissions=false, projectName=, gridNodePort=7871, autoAcceptAlerts=false}]
Session ID: CLOUD-SID:2018-10-22_20-01-24-024b55b6-081b-4423-b53b-d319a9122f43
*** Element info: {Using=xpath, value=//*[@id='addQuantityView']}
	at sun.reflect.NativeConstructorAccessorImpl.newInstance0(Native Method)
	at sun.reflect.NativeConstructorAccessorImpl.newInstance(Unknown Source)
	at sun.reflect.DelegatingConstructorAccessorImpl.newInstance(Unknown Source)
	at java.lang.reflect.Constructor.newInstance(Unknown Source)
	at org.openqa.selenium.remote.ErrorHandler.createThrowable(ErrorHandler.java:206)
	at org.openqa.selenium.remote.ErrorHandler.throwIfResponseFailed(ErrorHandler.java:158)
	at org.openqa.selenium.remote.RemoteWebDriver.execute(RemoteWebDriver.java:678)
	at io.appium.java_client.DefaultGenericMobileDriver.execute(DefaultGenericMobileDriver.java:40)
	at io.appium.java_client.AppiumDriver.execute(AppiumDriver.java:1)
	at io.appium.java_client.android.AndroidDriver.execute(AndroidDriver.java:1)
	at org.openqa.selenium.remote.RemoteWebDriver.findElement(RemoteWebDriver.java:363)
	at io.appium.java_client.DefaultGenericMobileDriver.findElement(DefaultGenericMobileDriver.java:56)
	at io.appium.java_client.AppiumDriver.findElement(AppiumDriver.java:1)
	at io.appium.java_client.android.AndroidDriver.findElement(AndroidDriver.java:1)
	at org.openqa.selenium.remote.RemoteWebDriver.findElementByXPath(RemoteWebDriver.java:500)
	at io.appium.java_client.DefaultGenericMobileDriver.findElementByXPath(DefaultGenericMobileDriver.java:134)
	at io.appium.java_client.AppiumDriver.findElementByXPath(AppiumDriver.java:1)
	at io.appium.java_client.android.AndroidDriver.findElementByXPath(AndroidDriver.java:1)
	at org.openqa.selenium.By$ByXPath.findElement(By.java:361)
	at org.openqa.selenium.remote.RemoteWebDriver.findElement(RemoteWebDriver.java:355)
	at io.appium.java_client.DefaultGenericMobileDriver.findElement(DefaultGenericMobileDriver.java:52)
	at io.appium.java_client.AppiumDriver.findElement(AppiumDriver.java:1)
	at io.appium.java_client.android.AndroidDriver.findElement(AndroidDriver.java:1)
	at apptest.WP_ZeDelivery.testedozedelivery(WP_ZeDelivery.java:87)
	at sun.reflect.NativeMethodAccessorImpl.invoke0(Native Method)
	at sun.reflect.NativeMethodAccessorImpl.invoke(Unknown Source)
	at sun.reflect.DelegatingMethodAccessorImpl.invoke(Unknown Source)
	at java.lang.reflect.Method.invoke(Unknown Source)
	at org.testng.internal.MethodInvocationHelper.invokeMethod(MethodInvocationHelper.java:85)
	at org.testng.internal.Invoker.invokeMethod(Invoker.java:639)
	at org.testng.internal.Invoker.invokeTestMethod(Invoker.java:816)
	at org.testng.internal.Invoker.invokeTestMethods(Invoker.java:1124)
	at org.testng.internal.TestMethodWorker.invokeTestMethods(TestMethodWorker.java:125)
	at org.testng.internal.TestMethodWorker.run(TestMethodWorker.java:108)
	at org.testng.TestRunner.privateRun(TestRunner.java:774)
	at org.testng.TestRunner.run(TestRunner.java:624)
	at org.testng.SuiteRunner.runTest(SuiteRunner.java:359)
	at org.testng.SuiteRunner.runSequentially(SuiteRunner.java:354)
	at org.testng.SuiteRunner.privateRun(SuiteRunner.java:312)
	at org.testng.SuiteRunner.run(SuiteRunner.java:261)
	at org.testng.SuiteRunnerWorker.runSuite(SuiteRunnerWorker.java:52)
	at org.testng.SuiteRunnerWorker.run(SuiteRunnerWorker.java:86)
	at org.testng.TestNG.runSuitesSequentially(TestNG.java:1215)
	at org.testng.TestNG.runSuitesLocally(TestNG.java:1140)
	at org.testng.TestNG.run(TestNG.java:1048)
	at org.testng.remote.AbstractRemoteTestNG.run(AbstractRemoteTestNG.java:114)
	at org.testng.remote.RemoteTestNG.initAndRun(RemoteTestNG.java:251)
	at org.testng.remote.RemoteTestNG.main(RemoteTestNG.java:77)
]]>
            </full-stacktrace>
          </exception> <!-- org.openqa.selenium.NoSuchElementException -->
          <reporter-output>
          </reporter-output>
        </test-method> <!-- testedozedelivery -->
        <test-method status="PASS" signature="tearDown(org.testng.ITestResult)[pri:0, instance:apptest.WP_ZeDelivery@185d8b6]" name="tearDown" is-config="true" duration-ms="9260" started-at="2018-10-22T15:04:18Z" finished-at="2018-10-22T15:04:28Z">
          <params>
            <param index="0">
              <value>
                <![CDATA[[TestResult name=testedozedelivery status=FAILURE method=WP_ZeDelivery.testedozedelivery()[pri:0, instance:apptest.WP_ZeDelivery@185d8b6] output={null}]]]>
              </value>
            </param>
          </params>
          <reporter-output>
          </reporter-output>
        </test-method> <!-- tearDown -->
      </class> <!-- apptest.WP_ZeDelivery -->
    </test> <!-- Default test -->
  </suite> <!-- Default suite -->
</testng-results>
